<?xml version="1.0" encoding="UTF-8"?>
<!-- Generated by org.testng.reporters.JUnitReportReporter -->
<testsuite hostname="MIFARDGOLLA-M2" failures="0" tests="1" name="RedboxMavenProject.RedboxMavenProject.testscripts.NavigationFlow" time="9.006" errors="0" timestamp="2021-08-29T01:02:35 EDT" skipped="0">
  <testcase classname="RedboxMavenProject.RedboxMavenProject.testscripts.NavigationFlow" name="verifyMovieTitle" time="9.006"/>
  <system-out/>
</testsuite> <!-- RedboxMavenProject.RedboxMavenProject.testscripts.NavigationFlow -->
