<?xml version="1.0" encoding="UTF-8"?>
<!-- Generated by org.testng.reporters.JUnitReportReporter -->
<testsuite skipped="0" hostname="MIFARDGOLLA-M2" name="searchMovie" tests="2" failures="0" timestamp="2021-08-27T03:51:45 EDT" time="15.772" errors="0">
  <testcase name="explore_MovieResults" time="2.764" classname="searchMovie"/>
  <system-out>
    <![CDATA[Search auto complete results and Explore list have same count of movies]]>
  </system-out>
  <testcase name="search_Movie" time="13.008" classname="searchMovie"/>
  <system-out>
    <![CDATA[Movie name is same]]>
  </system-out>
</testsuite> <!-- searchMovie -->
