<?xml version="1.0" encoding="UTF-8"?>
<!-- Generated by org.testng.reporters.JUnitReportReporter -->
<testsuite skipped="0" hostname="MIFARDGOLLA-M2" name="RedboxMavenProject.RedboxMavenProject.testscripts.SearchMovieTest" tests="2" failures="0" timestamp="2021-08-29T00:50:38 EDT" time="17.623" errors="0">
  <testcase name="TC2_exploreMovieResults" time="5.339" classname="RedboxMavenProject.RedboxMavenProject.testscripts.SearchMovieTest"/>
  <system-out>
    <![CDATA[Movie name is same]]>
  </system-out>
  <testcase name="TC1_searchMovie" time="12.284" classname="RedboxMavenProject.RedboxMavenProject.testscripts.SearchMovieTest"/>
  <system-out>
    <![CDATA[Movie name is same]]>
  </system-out>
</testsuite> <!-- RedboxMavenProject.RedboxMavenProject.testscripts.SearchMovieTest -->
