<?xml version="1.0" encoding="UTF-8"?>
<!-- Generated by org.testng.reporters.JUnitReportReporter -->
<testsuite hostname="MIFARDGOLLA-M2" failures="0" tests="2" name="RedboxMavenProject.RedboxMavenProject.testscripts.SearchMovieTest" time="16.378" errors="0" timestamp="2021-08-29T01:02:35 EDT" skipped="0">
  <testcase classname="RedboxMavenProject.RedboxMavenProject.testscripts.SearchMovieTest" name="TC1_searchMovie" time="13.274"/>
  <system-out>
    <![CDATA[Movie name is same]]>
  </system-out>
  <testcase classname="RedboxMavenProject.RedboxMavenProject.testscripts.SearchMovieTest" name="TC2_exploreMovieResults" time="3.104"/>
  <system-out>
    <![CDATA[Movie name is same]]>
  </system-out>
</testsuite> <!-- RedboxMavenProject.RedboxMavenProject.testscripts.SearchMovieTest -->
