<?xml version="1.0" encoding="UTF-8"?>
<!-- Generated by org.testng.reporters.JUnitReportReporter -->
<testsuite skipped="0" hostname="MIFARDGOLLA-M2" name="RedboxMavenProject.RedboxMavenProject.testscripts.NavigationFlow" tests="1" failures="0" timestamp="2021-08-29T00:50:38 EDT" time="6.967" errors="0">
  <testcase name="verifyMovieTitle" time="6.967" classname="RedboxMavenProject.RedboxMavenProject.testscripts.NavigationFlow"/>
  <system-out/>
</testsuite> <!-- RedboxMavenProject.RedboxMavenProject.testscripts.NavigationFlow -->
