<?xml version="1.0" encoding="UTF-8"?>
<!-- Generated by org.testng.reporters.JUnitReportReporter -->
<testsuite skipped="0" hostname="MIFARDGOLLA-M2" name="RedboxMavenProject.RedboxMavenProject.testscripts.NavigationFlow" tests="1" failures="0" timestamp="2021-08-31T11:18:25 EDT" time="19.152" errors="0">
  <testcase name="verifyMovieTitle" time="19.152" classname="RedboxMavenProject.RedboxMavenProject.testscripts.NavigationFlow"/>
  <system-out/>
</testsuite> <!-- RedboxMavenProject.RedboxMavenProject.testscripts.NavigationFlow -->
