<?xml version="1.0" encoding="UTF-8"?>
<!-- Generated by org.testng.reporters.JUnitReportReporter -->
<testsuite skipped="0" hostname="MIFARDGOLLA-M2" name="RedboxMavenProject.RedboxMavenProject.testscripts.SearchMovieTest" tests="2" failures="0" timestamp="2021-08-31T17:13:43 EDT" time="13.170" errors="0">
  <testcase name="TC2_exploreMovieResults" time="2.158" classname="RedboxMavenProject.RedboxMavenProject.testscripts.SearchMovieTest"/>
  <system-out>
    <![CDATA[Movie name is same]]>
  </system-out>
  <testcase name="TC1_searchMovie" time="11.012" classname="RedboxMavenProject.RedboxMavenProject.testscripts.SearchMovieTest"/>
  <system-out>
    <![CDATA[Movie name is same]]>
  </system-out>
</testsuite> <!-- RedboxMavenProject.RedboxMavenProject.testscripts.SearchMovieTest -->
